<?xml version="1.0" encoding="UTF-8"?>
<testng-results ignored="0" total="1" passed="1" failed="0" skipped="0">
  <reporter-output>
  </reporter-output>
  <suite started-at="2023-04-01T10:58:40 IST" name="Default suite" finished-at="2023-04-01T10:58:40 IST" duration-ms="36">
    <groups>
    </groups>
    <test started-at="2023-04-01T10:58:40 IST" name="Default test" finished-at="2023-04-01T10:58:40 IST" duration-ms="36">
      <class name="practise.ParaPractiseEx1">
        <test-method signature="testPara()[pri:0, instance:practise.ParaPractiseEx1@3c419631]" started-at="2023-04-01T10:58:40 IST" name="testPara" finished-at="2023-04-01T10:58:40 IST" duration-ms="7" status="PASS">
          <reporter-output>
          </reporter-output>
        </test-method> <!-- testPara -->
      </class> <!-- practise.ParaPractiseEx1 -->
    </test> <!-- Default test -->
  </suite> <!-- Default suite -->
</testng-results>
