<?xml version="1.0" encoding="UTF-8"?>
<testng-results ignored="0" total="1" passed="1" failed="0" skipped="0">
  <reporter-output>
    <line>
      <![CDATA[hi this is update]]>
    </line>
  </reporter-output>
  <suite started-at="2023-04-04T10:36:31 IST" name="Default suite" finished-at="2023-04-04T10:36:31 IST" duration-ms="41">
    <groups>
    </groups>
    <test started-at="2023-04-04T10:36:31 IST" name="Default test" finished-at="2023-04-04T10:36:31 IST" duration-ms="41">
      <class name="Practise2.Simple1">
        <test-method signature="syso()[pri:0, instance:Practise2.Simple1@3c419631]" started-at="2023-04-04T10:36:31 IST" name="syso" finished-at="2023-04-04T10:36:31 IST" duration-ms="8" status="PASS">
          <reporter-output>
            <line>
              <![CDATA[hi this is update]]>
            </line>
          </reporter-output>
        </test-method> <!-- syso -->
      </class> <!-- Practise2.Simple1 -->
    </test> <!-- Default test -->
  </suite> <!-- Default suite -->
</testng-results>
